\BOOKMARK [1][-]{section.1}{Introduction}{}
\BOOKMARK [2][-]{subsection.1.1}{The Long View}{section.1}
\BOOKMARK [2][-]{subsection.1.2}{The Game Plan}{section.1}
\BOOKMARK [1][-]{section.2}{Phenomenology}{}
\BOOKMARK [1][-]{section.3}{Geometry in Cosmology}{}
\BOOKMARK [2][-]{subsection.3.1}{Hubble's Law}{section.3}
\BOOKMARK [2][-]{subsection.3.2}{Cosmography}{section.3}
\BOOKMARK [1][-]{section.4}{Cosmic Dynamics}{}
\BOOKMARK [2][-]{subsection.4.1}{Friedmann's Equation \(Classical Derivation\)}{section.4}
\BOOKMARK [2][-]{subsection.4.2}{Using Friedmann's Equation}{section.4}
\BOOKMARK [3][-]{subsubsection.4.2.1}{The Einstein-de Sitter Case}{subsection.4.2}
\BOOKMARK [1][-]{section.5}{Cosmography}{}
\BOOKMARK [2][-]{subsection.5.1}{The Search for the Hubble Constant}{section.5}
\BOOKMARK [3][-]{subsubsection.5.1.1}{The Distance Ladder}{subsection.5.1}
\BOOKMARK [3][-]{subsubsection.5.1.2}{Beyond the Key Project}{subsection.5.1}
\BOOKMARK [2][-]{subsection.5.2}{More Distant Measurements}{section.5}
\BOOKMARK [2][-]{subsection.5.3}{Cosmic Chronometers}{section.5}
\BOOKMARK [1][-]{section.6}{Gravitational Lensing}{}
\BOOKMARK [2][-]{subsection.6.1}{Strong Lensing}{section.6}
\BOOKMARK [1][-]{section.7}{Thermal History of the Universe}{}
\BOOKMARK [2][-]{subsection.7.1}{Era of Recombination}{section.7}
\BOOKMARK [2][-]{subsection.7.2}{Radiation Dominated Era}{section.7}
